********************************************************************************
*                             Initializing Cubiquity                           *
********************************************************************************
[14:33:13, Info   ]: Creating voxel database from 'C:/Users/Ken Watanabe/Documents/Unity/MyTestProject/Assets/StreamingAssets/Cubiquity/VoxelDatabases/Examples/VoxeliensColoredCubes.vdb'
[14:33:16, Info   ]: Creating voxel database from 'C:/Users/Ken Watanabe/Documents/Unity/MyTestProject/Assets/StreamingAssets/Cubiquity/VoxelDatabases/Examples/VoxeliensColoredCubes.vdb'
[14:33:55, Info   ]: Resizing compressed data buffer to 144307bytes. This should only happen once
[14:33:55, Info   ]: Creating voxel database from 'C:/Users/Ken Watanabe/Documents/Unity/MyTestProject/Assets/StreamingAssets/Cubiquity/VoxelDatabases/Examples/VoxeliensColoredCubes.vdb'
[14:39:57, Info   ]: Creating voxel database from 'C:/Users/Ken Watanabe/Documents/Unity/MyTestProject/Assets/StreamingAssets/Cubiquity/VoxelDatabases/Examples/VoxeliensColoredCubes.vdb'
[14:41:46, Info   ]: Resizing compressed data buffer to 144307bytes. This should only happen once
[14:41:46, Info   ]: Creating voxel database from 'C:/Users/Ken Watanabe/Documents/Unity/MyTestProject/Assets/StreamingAssets/Cubiquity/VoxelDatabases/Examples/VoxeliensColoredCubes.vdb'
[14:41:59, Info   ]: Creating voxel database from 'C:/Users/Ken Watanabe/Documents/Unity/MyTestProject/Assets/StreamingAssets/Cubiquity/VoxelDatabases/Examples/VoxeliensColoredCubes.vdb'
[14:42:46, Info   ]: Creating voxel database from 'C:/Users/Ken Watanabe/Documents/Unity/MyTestProject/Assets/StreamingAssets/Cubiquity/VoxelDatabases/Examples/VoxeliensColoredCubes.vdb'
[14:43:14, Info   ]: Resizing compressed data buffer to 144307bytes. This should only happen once
[14:43:14, Info   ]: Creating voxel database from 'C:/Users/Ken Watanabe/Documents/Unity/MyTestProject/Assets/StreamingAssets/Cubiquity/VoxelDatabases/Examples/VoxeliensColoredCubes.vdb'
[14:43:29, Info   ]: Creating voxel database from 'C:/Users/Ken Watanabe/Documents/Unity/MyTestProject/Assets/StreamingAssets/Cubiquity/VoxelDatabases/Examples/VoxeliensColoredCubes.vdb'
[14:43:34, Info   ]: Creating voxel database from 'C:/Users/Ken Watanabe/Documents/Unity/MyTestProject/Assets/StreamingAssets/Cubiquity/VoxelDatabases/Examples/VoxeliensColoredCubes.vdb'
[14:47:33, Info   ]: Creating voxel database from 'C:/Users/Ken Watanabe/Documents/Unity/MyTestProject/Assets/StreamingAssets/Cubiquity/VoxelDatabases/Examples/VoxeliensColoredCubes.vdb'
[14:47:51, Info   ]: Creating voxel database from 'C:/Users/Ken Watanabe/Documents/Unity/MyTestProject/Assets/StreamingAssets/Cubiquity/VoxelDatabases/Examples/VoxeliensColoredCubes.vdb'
[14:51:27, Info   ]: Creating voxel database from 'C:/Users/Ken Watanabe/Documents/Unity/MyTestProject/Assets/StreamingAssets/Cubiquity/VoxelDatabases/Examples/VoxeliensColoredCubes.vdb'
[14:51:35, Info   ]: Creating voxel database from 'C:/Users/Ken Watanabe/Documents/Unity/MyTestProject/Assets/StreamingAssets/Cubiquity/VoxelDatabases/Examples/VoxeliensColoredCubes.vdb'
[14:54:28, Info   ]: Creating voxel database from 'C:/Users/Ken Watanabe/Documents/Unity/MyTestProject/Assets/StreamingAssets/Cubiquity/VoxelDatabases/Examples/VoxeliensColoredCubes.vdb'
[14:59:32, Info   ]: Creating voxel database from 'C:/Users/Ken Watanabe/Documents/Unity/MyTestProject/Assets/StreamingAssets/Cubiquity/VoxelDatabases/Examples/VoxeliensColoredCubes.vdb'
[15:00:02, Info   ]: Creating voxel database from 'C:/Users/Ken Watanabe/Documents/Unity/MyTestProject/Assets/StreamingAssets/Cubiquity/VoxelDatabases/Examples/VoxeliensColoredCubes.vdb'
[15:07:00, Info   ]: Creating voxel database from 'C:/Users/Ken Watanabe/Documents/Unity/MyTestProject/Assets/StreamingAssets/Cubiquity/VoxelDatabases/Examples/VoxeliensColoredCubes.vdb'
[15:07:14, Info   ]: Creating voxel database from 'C:/Users/Ken Watanabe/Documents/Unity/MyTestProject/Assets/StreamingAssets/Cubiquity/VoxelDatabases/Examples/VoxeliensColoredCubes.vdb'
[15:07:52, Info   ]: Creating voxel database from 'C:/Users/Ken Watanabe/Documents/Unity/MyTestProject/Assets/StreamingAssets/Cubiquity/VoxelDatabases/Examples/VoxeliensColoredCubes.vdb'
[15:07:55, Info   ]: Creating voxel database from 'C:/Users/Ken Watanabe/Documents/Unity/MyTestProject/Assets/StreamingAssets/Cubiquity/VoxelDatabases/Examples/VoxeliensColoredCubes.vdb'
[15:08:05, Info   ]: Creating voxel database from 'C:/Users/Ken Watanabe/Documents/Unity/MyTestProject/Assets/StreamingAssets/Cubiquity/VoxelDatabases/Examples/VoxeliensColoredCubes.vdb'
[15:08:22, Info   ]: Creating voxel database from 'C:/Users/Ken Watanabe/Documents/Unity/MyTestProject/Assets/StreamingAssets/Cubiquity/VoxelDatabases/Examples/VoxeliensColoredCubes.vdb'
[15:08:27, Info   ]: Creating voxel database from 'C:/Users/Ken Watanabe/Documents/Unity/MyTestProject/Assets/StreamingAssets/Cubiquity/VoxelDatabases/Examples/VoxeliensColoredCubes.vdb'
[15:08:53, Info   ]: Creating voxel database from 'C:/Users/Ken Watanabe/Documents/Unity/MyTestProject/Assets/StreamingAssets/Cubiquity/VoxelDatabases/Examples/VoxeliensColoredCubes.vdb'
[15:09:06, Info   ]: Creating voxel database from 'C:/Users/Ken Watanabe/Documents/Unity/MyTestProject/Assets/StreamingAssets/Cubiquity/VoxelDatabases/Examples/VoxeliensColoredCubes.vdb'
[15:09:27, Info   ]: Creating voxel database from 'C:/Users/Ken Watanabe/Documents/Unity/MyTestProject/Assets/StreamingAssets/Cubiquity/VoxelDatabases/Examples/VoxeliensColoredCubes.vdb'
[15:09:43, Info   ]: Creating voxel database from 'C:/Users/Ken Watanabe/Documents/Unity/MyTestProject/Assets/StreamingAssets/Cubiquity/VoxelDatabases/Examples/VoxeliensColoredCubes.vdb'
[15:10:57, Info   ]: Creating voxel database from 'C:/Users/Ken Watanabe/Documents/Unity/MyTestProject/Assets/StreamingAssets/Cubiquity/VoxelDatabases/Examples/VoxeliensColoredCubes.vdb'
[15:11:04, Info   ]: Creating voxel database from 'C:/Users/Ken Watanabe/Documents/Unity/MyTestProject/Assets/StreamingAssets/Cubiquity/VoxelDatabases/Examples/VoxeliensColoredCubes.vdb'
[15:11:24, Info   ]: Creating voxel database from 'C:/Users/Ken Watanabe/Documents/Unity/MyTestProject/Assets/StreamingAssets/Cubiquity/VoxelDatabases/Examples/VoxeliensColoredCubes.vdb'
[15:11:53, Info   ]: Creating voxel database from 'C:/Users/Ken Watanabe/Documents/Unity/MyTestProject/Assets/StreamingAssets/Cubiquity/VoxelDatabases/Examples/VoxeliensColoredCubes.vdb'
[15:15:06, Info   ]: Creating voxel database from 'C:/Users/Ken Watanabe/Documents/Unity/MyTestProject/Assets/StreamingAssets/Cubiquity/VoxelDatabases/Examples/VoxeliensColoredCubes.vdb'
[15:15:43, Info   ]: Creating voxel database from 'C:/Users/Ken Watanabe/Documents/Unity/MyTestProject/Assets/StreamingAssets/Cubiquity/VoxelDatabases/Examples/VoxeliensColoredCubes.vdb'
[15:16:07, Info   ]: Creating voxel database from 'C:/Users/Ken Watanabe/Documents/Unity/MyTestProject/Assets/StreamingAssets/Cubiquity/VoxelDatabases/Examples/VoxeliensColoredCubes.vdb'
[15:16:46, Info   ]: Resizing compressed data buffer to 144307bytes. This should only happen once
[15:16:47, Info   ]: Creating voxel database from 'C:/Users/Ken Watanabe/Documents/Unity/MyTestProject/Assets/StreamingAssets/Cubiquity/VoxelDatabases/Examples/VoxeliensColoredCubes.vdb'
[15:16:57, Info   ]: Creating voxel database from 'C:/Users/Ken Watanabe/Documents/Unity/MyTestProject/Assets/StreamingAssets/Cubiquity/VoxelDatabases/Examples/VoxeliensColoredCubes.vdb'
[15:17:02, Info   ]: Creating voxel database from 'C:/Users/Ken Watanabe/Documents/Unity/MyTestProject/Assets/StreamingAssets/Cubiquity/VoxelDatabases/Examples/VoxeliensColoredCubes.vdb'
[15:17:30, Info   ]: Creating voxel database from 'C:/Users/Ken Watanabe/Documents/Unity/MyTestProject/Assets/StreamingAssets/Cubiquity/VoxelDatabases/Examples/VoxeliensColoredCubes.vdb'
[15:17:33, Info   ]: Creating voxel database from 'C:/Users/Ken Watanabe/Documents/Unity/MyTestProject/Assets/StreamingAssets/Cubiquity/VoxelDatabases/Examples/VoxeliensColoredCubes.vdb'
[15:19:07, Info   ]: Creating voxel database from 'C:/Users/Ken Watanabe/Documents/Unity/MyTestProject/Assets/StreamingAssets/Cubiquity/VoxelDatabases/Examples/VoxeliensColoredCubes.vdb'
[15:19:17, Info   ]: Creating voxel database from 'C:/Users/Ken Watanabe/Documents/Unity/MyTestProject/Assets/StreamingAssets/Cubiquity/VoxelDatabases/Examples/VoxeliensColoredCubes.vdb'
[15:19:36, Info   ]: Creating voxel database from 'C:/Users/Ken Watanabe/Documents/Unity/MyTestProject/Assets/StreamingAssets/Cubiquity/VoxelDatabases/Examples/VoxeliensColoredCubes.vdb'
[15:19:46, Info   ]: Creating voxel database from 'C:/Users/Ken Watanabe/Documents/Unity/MyTestProject/Assets/StreamingAssets/Cubiquity/VoxelDatabases/Examples/VoxeliensColoredCubes.vdb'
[15:19:56, Info   ]: Creating voxel database from 'C:/Users/Ken Watanabe/Documents/Unity/MyTestProject/Assets/StreamingAssets/Cubiquity/VoxelDatabases/Examples/VoxeliensColoredCubes.vdb'
[15:20:29, Info   ]: Creating voxel database from 'C:/Users/Ken Watanabe/Documents/Unity/MyTestProject/Assets/StreamingAssets/Cubiquity/VoxelDatabases/Examples/VoxeliensColoredCubes.vdb'
[15:21:08, Info   ]: Creating voxel database from 'C:/Users/Ken Watanabe/Documents/Unity/MyTestProject/Assets/StreamingAssets/Cubiquity/VoxelDatabases/Examples/VoxeliensColoredCubes.vdb'
[15:21:09, Info   ]: Creating voxel database from 'C:/Users/Ken Watanabe/Documents/Unity/MyTestProject/Assets/StreamingAssets/Cubiquity/VoxelDatabases/Examples/VoxeliensColoredCubes.vdb'
[15:21:17, Info   ]: Creating voxel database from 'C:/Users/Ken Watanabe/Documents/Unity/MyTestProject/Assets/StreamingAssets/Cubiquity/VoxelDatabases/Examples/VoxeliensColoredCubes.vdb'
[15:21:51, Info   ]: Creating voxel database from 'C:/Users/Ken Watanabe/Documents/Unity/MyTestProject/Assets/StreamingAssets/Cubiquity/VoxelDatabases/Examples/VoxeliensColoredCubes.vdb'
[15:22:00, Info   ]: Creating voxel database from 'C:/Users/Ken Watanabe/Documents/Unity/MyTestProject/Assets/StreamingAssets/Cubiquity/VoxelDatabases/Examples/VoxeliensColoredCubes.vdb'
[15:22:02, Info   ]: Creating voxel database from 'C:/Users/Ken Watanabe/Documents/Unity/MyTestProject/Assets/StreamingAssets/Cubiquity/VoxelDatabases/Examples/VoxeliensColoredCubes.vdb'
[15:22:04, Info   ]: Creating voxel database from 'C:/Users/Ken Watanabe/Documents/Unity/MyTestProject/Assets/StreamingAssets/Cubiquity/VoxelDatabases/Examples/VoxeliensColoredCubes.vdb'
[15:22:06, Info   ]: Creating voxel database from 'C:/Users/Ken Watanabe/Documents/Unity/MyTestProject/Assets/StreamingAssets/Cubiquity/VoxelDatabases/Examples/VoxeliensColoredCubes.vdb'
[15:22:13, Info   ]: Creating voxel database from 'C:/Users/Ken Watanabe/Documents/Unity/MyTestProject/Assets/StreamingAssets/Cubiquity/VoxelDatabases/Examples/VoxeliensColoredCubes.vdb'
[15:22:19, Info   ]: Creating voxel database from 'C:/Users/Ken Watanabe/Documents/Unity/MyTestProject/Assets/StreamingAssets/Cubiquity/VoxelDatabases/Examples/VoxeliensColoredCubes.vdb'
[15:22:28, Info   ]: Creating voxel database from 'C:/Users/Ken Watanabe/Documents/Unity/MyTestProject/Assets/StreamingAssets/Cubiquity/VoxelDatabases/Examples/VoxeliensColoredCubes.vdb'
[15:23:07, Info   ]: Creating voxel database from 'C:/Users/Ken Watanabe/Documents/Unity/MyTestProject/Assets/StreamingAssets/Cubiquity/VoxelDatabases/Examples/VoxeliensColoredCubes.vdb'
[15:26:47, Info   ]: Creating voxel database from 'C:/Users/Ken Watanabe/Documents/Unity/MyTestProject/Assets/StreamingAssets/Cubiquity/VoxelDatabases/Examples/VoxeliensColoredCubes.vdb'
[15:26:51, Info   ]: Creating voxel database from 'C:/Users/Ken Watanabe/Documents/Unity/MyTestProject/Assets/StreamingAssets/Cubiquity/VoxelDatabases/Examples/VoxeliensColoredCubes.vdb'
[15:26:56, Info   ]: Creating voxel database from 'C:/Users/Ken Watanabe/Documents/Unity/MyTestProject/Assets/StreamingAssets/Cubiquity/VoxelDatabases/Examples/VoxeliensColoredCubes.vdb'
[15:27:00, Info   ]: Creating voxel database from 'C:/Users/Ken Watanabe/Documents/Unity/MyTestProject/Assets/StreamingAssets/Cubiquity/VoxelDatabases/Examples/VoxeliensColoredCubes.vdb'
[15:27:49, Info   ]: Creating voxel database from 'C:/Users/Ken Watanabe/Documents/Unity/MyTestProject/Assets/StreamingAssets/Cubiquity/VoxelDatabases/Examples/VoxeliensColoredCubes.vdb'
[15:28:52, Info   ]: Resizing compressed data buffer to 144307bytes. This should only happen once
[15:28:52, Info   ]: Creating voxel database from 'C:/Users/Ken Watanabe/Documents/Unity/MyTestProject/Assets/StreamingAssets/Cubiquity/VoxelDatabases/Examples/VoxeliensColoredCubes.vdb'
[15:29:15, Info   ]: Creating voxel database from 'C:/Users/Ken Watanabe/Documents/Unity/MyTestProject/Assets/StreamingAssets/Cubiquity/VoxelDatabases/Examples/VoxeliensColoredCubes.vdb'
[15:29:31, Info   ]: Creating voxel database from 'C:/Users/Ken Watanabe/Documents/Unity/MyTestProject/Assets/StreamingAssets/Cubiquity/VoxelDatabases/Examples/VoxeliensColoredCubes.vdb'
[15:29:47, Info   ]: Creating voxel database from 'C:/Users/Ken Watanabe/Documents/Unity/MyTestProject/Assets/StreamingAssets/Cubiquity/VoxelDatabases/Examples/VoxeliensColoredCubes.vdb'
[15:29:53, Info   ]: Creating voxel database from 'C:/Users/Ken Watanabe/Documents/Unity/MyTestProject/Assets/StreamingAssets/Cubiquity/VoxelDatabases/Examples/VoxeliensColoredCubes.vdb'
[15:33:04, Info   ]: Creating voxel database from 'C:/Users/Ken Watanabe/Documents/Unity/MyTestProject/Assets/StreamingAssets/Cubiquity/VoxelDatabases/Examples/VoxeliensColoredCubes.vdb'
[15:33:07, Info   ]: Creating voxel database from 'C:/Users/Ken Watanabe/Documents/Unity/MyTestProject/Assets/StreamingAssets/Cubiquity/VoxelDatabases/Examples/VoxeliensColoredCubes.vdb'
[15:34:14, Info   ]: Creating voxel database from 'C:/Users/Ken Watanabe/Documents/Unity/MyTestProject/Assets/StreamingAssets/Cubiquity/VoxelDatabases/Examples/VoxeliensColoredCubes.vdb'
[15:34:16, Info   ]: Creating voxel database from 'C:/Users/Ken Watanabe/Documents/Unity/MyTestProject/Assets/StreamingAssets/Cubiquity/VoxelDatabases/Examples/VoxeliensColoredCubes.vdb'
[15:34:20, Info   ]: Creating voxel database from 'C:/Users/Ken Watanabe/Documents/Unity/MyTestProject/Assets/StreamingAssets/Cubiquity/VoxelDatabases/Examples/VoxeliensColoredCubes.vdb'
[15:34:21, Info   ]: Creating voxel database from 'C:/Users/Ken Watanabe/Documents/Unity/MyTestProject/Assets/StreamingAssets/Cubiquity/VoxelDatabases/Examples/VoxeliensColoredCubes.vdb'
[15:34:24, Info   ]: Creating voxel database from 'C:/Users/Ken Watanabe/Documents/Unity/MyTestProject/Assets/StreamingAssets/Cubiquity/VoxelDatabases/Examples/VoxeliensColoredCubes.vdb'
[15:34:30, Info   ]: Creating voxel database from 'C:/Users/Ken Watanabe/Documents/Unity/MyTestProject/Assets/StreamingAssets/Cubiquity/VoxelDatabases/Examples/VoxeliensColoredCubes.vdb'
[15:35:19, Info   ]: Creating voxel database from 'C:/Users/Ken Watanabe/Documents/Unity/MyTestProject/Assets/StreamingAssets/Cubiquity/VoxelDatabases/Examples/VoxeliensColoredCubes.vdb'
[15:35:31, Info   ]: Creating voxel database from 'C:/Users/Ken Watanabe/Documents/Unity/MyTestProject/Assets/StreamingAssets/Cubiquity/VoxelDatabases/Examples/VoxeliensColoredCubes.vdb'
[15:41:06, Info   ]: Creating voxel database from 'C:/Users/Ken Watanabe/Documents/Unity/MyTestProject/Assets/StreamingAssets/Cubiquity/VoxelDatabases/Examples/VoxeliensColoredCubes.vdb'
[15:41:24, Info   ]: Creating voxel database from 'C:/Users/Ken Watanabe/Documents/Unity/MyTestProject/Assets/StreamingAssets/Cubiquity/VoxelDatabases/Examples/VoxeliensColoredCubes.vdb'
[15:42:25, Info   ]: Creating voxel database from 'C:/Users/Ken Watanabe/Documents/Unity/MyTestProject/Assets/StreamingAssets/Cubiquity/VoxelDatabases/Examples/VoxeliensColoredCubes.vdb'
[15:42:59, Info   ]: Creating voxel database from 'C:/Users/Ken Watanabe/Documents/Unity/MyTestProject/Assets/StreamingAssets/Cubiquity/VoxelDatabases/Examples/VoxeliensColoredCubes.vdb'
[15:52:03, Info   ]: Creating voxel database from 'C:/Users/Ken Watanabe/Documents/Unity/MyTestProject/Assets/StreamingAssets/Cubiquity/VoxelDatabases/Examples/VoxeliensColoredCubes.vdb'
[15:56:00, Info   ]: Resizing compressed data buffer to 144307bytes. This should only happen once
[15:56:00, Info   ]: Creating voxel database from 'C:/Users/Ken Watanabe/Documents/Unity/MyTestProject/Assets/StreamingAssets/Cubiquity/VoxelDatabases/Examples/VoxeliensColoredCubes.vdb'
[15:56:56, Info   ]: Creating voxel database from 'C:/Users/Ken Watanabe/Documents/Unity/MyTestProject/Assets/StreamingAssets/Cubiquity/VoxelDatabases/Examples/VoxeliensColoredCubes.vdb'
[15:57:37, Info   ]: Creating voxel database from 'C:/Users/Ken Watanabe/Documents/Unity/MyTestProject/Assets/StreamingAssets/Cubiquity/VoxelDatabases/Examples/VoxeliensColoredCubes.vdb'
[16:05:46, Info   ]: Creating voxel database from 'C:/Users/Ken Watanabe/Documents/Unity/MyTestProject/Assets/StreamingAssets/Cubiquity/VoxelDatabases/Examples/VoxeliensColoredCubes.vdb'
[16:05:51, Info   ]: Creating voxel database from 'C:/Users/Ken Watanabe/Documents/Unity/MyTestProject/Assets/StreamingAssets/Cubiquity/VoxelDatabases/Examples/VoxeliensColoredCubes.vdb'
[16:06:03, Info   ]: Creating voxel database from 'C:/Users/Ken Watanabe/Documents/Unity/MyTestProject/Assets/StreamingAssets/Cubiquity/VoxelDatabases/Examples/VoxeliensColoredCubes.vdb'
[17:24:49, Info   ]: Creating voxel database from 'C:/Users/Ken Watanabe/Documents/Unity/MyTestProject/Assets/StreamingAssets/Cubiquity/VoxelDatabases/Examples/VoxeliensColoredCubes.vdb'
********************************************************************************
*                             Shutting down Cubiquity                          *
********************************************************************************

